0 verbose cli /Users/admin/.nvm/versions/node/v24.12.0/bin/node /Users/admin/.nvm/versions/node/v24.12.0/bin/npm
1 info using npm@11.6.2
2 info using node@v24.12.0
3 silly config load:file:/Users/admin/.nvm/versions/node/v24.12.0/lib/node_modules/npm/npmrc
4 silly config load:file:/Users/admin/zineegrouplatest/.npmrc
5 silly config load:file:/Users/admin/.npmrc
6 silly config load:file:/Users/admin/.nvm/versions/node/v24.12.0/etc/npmrc
7 verbose title npm install recharts
8 verbose argv "install" "recharts" "--cache" "./.npm-cache"
9 verbose logfile logs-max:10 dir:/Users/admin/zineegrouplatest/.npm-cache/_logs/2026-02-09T17_06_58_862Z-
10 verbose logfile /Users/admin/zineegrouplatest/.npm-cache/_logs/2026-02-09T17_06_58_862Z-debug-0.log
11 silly logfile done cleaning log files
12 silly packumentCache heap:4496293888 maxSize:1124073472 maxEntrySize:562036736
13 verbose shrinkwrap failed to load node_modules/.package-lock.json EPERM: operation not permitted, stat '/Users/admin/zineegrouplatest/node_modules'
14 silly idealTree buildDeps
15 silly fetch manifest recharts@*
16 silly packumentCache full:https://registry.npmjs.org/recharts cache-miss
17 http fetch GET 200 https://registry.npmjs.org/npm 255ms
18 http fetch GET 200 https://registry.npmjs.org/recharts 321ms (cache miss)
19 silly packumentCache full:https://registry.npmjs.org/recharts set size:undefined disposed:false
20 silly fetch manifest react@^18.3.1
21 silly packumentCache full:https://registry.npmjs.org/react cache-miss
22 http fetch GET 200 https://registry.npmjs.org/react 114ms (cache miss)
23 silly packumentCache full:https://registry.npmjs.org/react set size:undefined disposed:false
24 silly fetch manifest react-dom@^18.3.1
25 silly packumentCache full:https://registry.npmjs.org/react-dom cache-miss
26 http fetch GET 200 https://registry.npmjs.org/react-dom 144ms (cache miss)
27 silly packumentCache full:https://registry.npmjs.org/react-dom set size:undefined disposed:false
28 silly fetch manifest react-is@^16.8.0 || ^17.0.0 || ^18.0.0 || ^19.0.0
29 silly packumentCache full:https://registry.npmjs.org/react-is cache-miss
30 http fetch GET 200 https://registry.npmjs.org/react-is 98ms (cache miss)
31 silly packumentCache full:https://registry.npmjs.org/react-is set size:undefined disposed:false
32 silly placeDep ROOT recharts@3.7.0 OK for: zineegroup@1.0.0 want: *
33 silly placeDep ROOT react-is@19.2.4 OK for: recharts@3.7.0 want: ^16.8.0 || ^17.0.0 || ^18.0.0 || ^19.0.0
34 silly fetch manifest @reduxjs/toolkit@1.x.x || 2.x.x
35 silly packumentCache full:https://registry.npmjs.org/@reduxjs%2ftoolkit cache-miss
36 silly fetch manifest clsx@^2.1.1
37 silly packumentCache full:https://registry.npmjs.org/clsx cache-miss
38 silly fetch manifest decimal.js-light@^2.5.1
39 silly packumentCache full:https://registry.npmjs.org/decimal.js-light cache-miss
40 silly fetch manifest es-toolkit@^1.39.3
41 silly packumentCache full:https://registry.npmjs.org/es-toolkit cache-miss
42 silly fetch manifest eventemitter3@^5.0.1
43 silly packumentCache full:https://registry.npmjs.org/eventemitter3 cache-miss
44 silly fetch manifest immer@^10.1.1
45 silly packumentCache full:https://registry.npmjs.org/immer cache-miss
46 silly fetch manifest react-redux@8.x.x || 9.x.x
47 silly packumentCache full:https://registry.npmjs.org/react-redux cache-miss
48 http fetch GET 200 https://registry.npmjs.org/clsx 44ms (cache miss)
49 silly packumentCache full:https://registry.npmjs.org/clsx set size:undefined disposed:false
50 silly fetch manifest reselect@5.1.1
51 silly packumentCache full:https://registry.npmjs.org/reselect cache-miss
52 http fetch GET 200 https://registry.npmjs.org/decimal.js-light 78ms (cache miss)
53 silly packumentCache full:https://registry.npmjs.org/decimal.js-light set size:undefined disposed:false
54 silly fetch manifest tiny-invariant@^1.3.3
55 silly packumentCache full:https://registry.npmjs.org/tiny-invariant cache-miss
56 http fetch GET 200 https://registry.npmjs.org/react-redux 86ms (cache miss)
57 silly packumentCache full:https://registry.npmjs.org/react-redux set size:undefined disposed:false
58 silly fetch manifest use-sync-external-store@^1.2.2
59 silly packumentCache full:https://registry.npmjs.org/use-sync-external-store cache-miss
60 http fetch GET 200 https://registry.npmjs.org/eventemitter3 95ms (cache miss)
61 silly packumentCache full:https://registry.npmjs.org/eventemitter3 set size:undefined disposed:false
62 silly fetch manifest victory-vendor@^37.0.2
63 silly packumentCache full:https://registry.npmjs.org/victory-vendor cache-miss
64 http fetch GET 200 https://registry.npmjs.org/reselect 54ms (cache miss)
65 silly packumentCache full:https://registry.npmjs.org/reselect set size:undefined disposed:false
66 http fetch GET 200 https://registry.npmjs.org/tiny-invariant 30ms (cache miss)
67 silly packumentCache full:https://registry.npmjs.org/tiny-invariant set size:undefined disposed:false
68 http fetch GET 200 https://registry.npmjs.org/@reduxjs%2ftoolkit 395ms (cache miss)
69 silly packumentCache full:https://registry.npmjs.org/@reduxjs%2ftoolkit set size:undefined disposed:false
70 http fetch GET 200 https://registry.npmjs.org/es-toolkit 448ms (cache miss)
71 silly packumentCache full:https://registry.npmjs.org/es-toolkit set size:undefined disposed:false
72 http fetch GET 200 https://registry.npmjs.org/victory-vendor 433ms (cache miss)
73 silly packumentCache full:https://registry.npmjs.org/victory-vendor set size:undefined disposed:false
74 http fetch GET 200 https://registry.npmjs.org/use-sync-external-store 454ms (cache miss)
75 silly packumentCache full:https://registry.npmjs.org/use-sync-external-store set size:undefined disposed:false
76 http fetch GET 200 https://registry.npmjs.org/immer 591ms (cache miss)
77 silly packumentCache full:https://registry.npmjs.org/immer set size:undefined disposed:false
78 silly fetch manifest react@^16.8.0 || ^17.0.0 || ^18.0.0 || ^19.0.0
79 silly packumentCache full:https://registry.npmjs.org/react cache-miss
80 http cache https://registry.npmjs.org/react 11ms (cache hit)
81 silly packumentCache full:https://registry.npmjs.org/react set size:6472471 disposed:false
82 silly fetch manifest @types/react@^18.2.25 || ^19
83 silly packumentCache full:https://registry.npmjs.org/@types%2freact cache-miss
84 http fetch GET 200 https://registry.npmjs.org/@types%2freact 81ms (cache miss)
85 silly packumentCache full:https://registry.npmjs.org/@types%2freact set size:undefined disposed:false
86 silly fetch manifest redux@^5.0.0
87 silly packumentCache full:https://registry.npmjs.org/redux cache-miss
88 http fetch GET 200 https://registry.npmjs.org/redux 72ms (cache miss)
89 silly packumentCache full:https://registry.npmjs.org/redux set size:undefined disposed:false
90 silly placeDep ROOT @reduxjs/toolkit@2.11.2 OK for: recharts@3.7.0 want: 1.x.x || 2.x.x
91 silly placeDep ROOT clsx@2.1.1 OK for: recharts@3.7.0 want: ^2.1.1
92 silly placeDep ROOT decimal.js-light@2.5.1 OK for: recharts@3.7.0 want: ^2.5.1
93 silly placeDep ROOT es-toolkit@1.44.0 OK for: recharts@3.7.0 want: ^1.39.3
94 silly placeDep ROOT eventemitter3@5.0.4 OK for: recharts@3.7.0 want: ^5.0.1
95 silly placeDep ROOT immer@10.2.0 OK for: recharts@3.7.0 want: ^10.1.1
96 silly placeDep ROOT react-redux@9.2.0 OK for: recharts@3.7.0 want: 8.x.x || 9.x.x
97 silly placeDep ROOT reselect@5.1.1 OK for: recharts@3.7.0 want: 5.1.1
98 silly placeDep ROOT tiny-invariant@1.3.3 OK for: recharts@3.7.0 want: ^1.3.3
99 silly placeDep ROOT use-sync-external-store@1.6.0 OK for: recharts@3.7.0 want: ^1.2.2
100 silly placeDep ROOT victory-vendor@37.3.6 OK for: recharts@3.7.0 want: ^37.0.2
101 silly fetch manifest @standard-schema/spec@^1.0.0
102 silly packumentCache full:https://registry.npmjs.org/@standard-schema%2fspec cache-miss
103 silly fetch manifest @standard-schema/utils@^0.3.0
104 silly packumentCache full:https://registry.npmjs.org/@standard-schema%2futils cache-miss
105 silly fetch manifest immer@^11.0.0
106 silly packumentCache full:https://registry.npmjs.org/immer cache-miss
107 silly fetch manifest redux@^5.0.1
108 silly packumentCache full:https://registry.npmjs.org/redux cache-miss
109 silly fetch manifest redux-thunk@^3.1.0
110 silly packumentCache full:https://registry.npmjs.org/redux-thunk cache-miss
111 silly fetch manifest reselect@^5.1.0
112 silly packumentCache full:https://registry.npmjs.org/reselect cache-miss
113 silly fetch manifest @types/use-sync-external-store@^0.0.6
114 silly packumentCache full:https://registry.npmjs.org/@types%2fuse-sync-external-store cache-miss
115 http cache https://registry.npmjs.org/immer 5ms (cache hit)
116 silly packumentCache full:https://registry.npmjs.org/immer set size:743795 disposed:false
117 silly fetch manifest use-sync-external-store@^1.4.0
118 silly packumentCache full:https://registry.npmjs.org/use-sync-external-store cache-miss
119 http cache https://registry.npmjs.org/redux 9ms (cache hit)
120 silly packumentCache full:https://registry.npmjs.org/redux set size:553833 disposed:false
121 silly fetch manifest d3-ease@^3.0.1
122 silly packumentCache full:https://registry.npmjs.org/d3-ease cache-miss
123 http cache https://registry.npmjs.org/reselect 12ms (cache hit)
124 silly packumentCache full:https://registry.npmjs.org/reselect set size:910470 disposed:false
125 silly fetch manifest d3-time@^3.0.0
126 silly packumentCache full:https://registry.npmjs.org/d3-time cache-miss
127 http cache https://registry.npmjs.org/use-sync-external-store 17ms (cache hit)
128 silly packumentCache full:https://registry.npmjs.org/use-sync-external-store set size:4486611 disposed:false
129 silly fetch manifest d3-array@^3.1.6
130 silly packumentCache full:https://registry.npmjs.org/d3-array cache-miss
131 http fetch GET 200 https://registry.npmjs.org/redux-thunk 45ms (cache miss)
132 silly packumentCache full:https://registry.npmjs.org/redux-thunk set size:undefined disposed:false
133 silly fetch manifest d3-scale@^4.0.2
134 silly packumentCache full:https://registry.npmjs.org/d3-scale cache-miss
135 http fetch GET 200 https://registry.npmjs.org/@types%2fuse-sync-external-store 49ms (cache miss)
136 silly packumentCache full:https://registry.npmjs.org/@types%2fuse-sync-external-store set size:undefined disposed:false
137 silly fetch manifest d3-shape@^3.1.0
138 silly packumentCache full:https://registry.npmjs.org/d3-shape cache-miss
139 http fetch GET 200 https://registry.npmjs.org/@standard-schema%2fspec 51ms (cache miss)
140 silly packumentCache full:https://registry.npmjs.org/@standard-schema%2fspec set size:undefined disposed:false
141 silly fetch manifest d3-timer@^3.0.1
142 silly packumentCache full:https://registry.npmjs.org/d3-timer cache-miss
143 http fetch GET 200 https://registry.npmjs.org/d3-time 34ms (cache miss)
144 silly packumentCache full:https://registry.npmjs.org/d3-time set size:undefined disposed:false
145 silly fetch manifest @types/d3-ease@^3.0.0
146 silly packumentCache full:https://registry.npmjs.org/@types%2fd3-ease cache-miss
147 http fetch GET 200 https://registry.npmjs.org/d3-ease 43ms (cache miss)
148 silly packumentCache full:https://registry.npmjs.org/d3-ease set size:undefined disposed:false
149 silly fetch manifest @types/d3-time@^3.0.0
150 silly packumentCache full:https://registry.npmjs.org/@types%2fd3-time cache-miss
151 http fetch GET 200 https://registry.npmjs.org/d3-timer 33ms (cache miss)
152 silly packumentCache full:https://registry.npmjs.org/d3-timer set size:undefined disposed:false
153 silly fetch manifest d3-interpolate@^3.0.1
154 silly packumentCache full:https://registry.npmjs.org/d3-interpolate cache-miss
155 http fetch GET 200 https://registry.npmjs.org/d3-array 53ms (cache miss)
156 silly packumentCache full:https://registry.npmjs.org/d3-array set size:undefined disposed:false
157 silly fetch manifest @types/d3-array@^3.0.3
158 silly packumentCache full:https://registry.npmjs.org/@types%2fd3-array cache-miss
159 http fetch GET 200 https://registry.npmjs.org/d3-shape 41ms (cache miss)
160 silly packumentCache full:https://registry.npmjs.org/d3-shape set size:undefined disposed:false
161 silly fetch manifest @types/d3-scale@^4.0.2
162 silly packumentCache full:https://registry.npmjs.org/@types%2fd3-scale cache-miss
163 http fetch GET 200 https://registry.npmjs.org/d3-scale 55ms (cache miss)
164 silly packumentCache full:https://registry.npmjs.org/d3-scale set size:undefined disposed:false
165 silly fetch manifest @types/d3-shape@^3.1.0
166 silly packumentCache full:https://registry.npmjs.org/@types%2fd3-shape cache-miss
167 http fetch GET 200 https://registry.npmjs.org/@types%2fd3-ease 51ms (cache miss)
168 silly packumentCache full:https://registry.npmjs.org/@types%2fd3-ease set size:undefined disposed:false
169 silly fetch manifest @types/d3-timer@^3.0.0
170 silly packumentCache full:https://registry.npmjs.org/@types%2fd3-timer cache-miss
171 http fetch GET 200 https://registry.npmjs.org/d3-interpolate 31ms (cache miss)
172 silly packumentCache full:https://registry.npmjs.org/d3-interpolate set size:undefined disposed:false
173 silly fetch manifest @types/d3-interpolate@^3.0.1
174 silly packumentCache full:https://registry.npmjs.org/@types%2fd3-interpolate cache-miss
175 http fetch GET 200 https://registry.npmjs.org/@types%2fd3-array 41ms (cache miss)
176 silly packumentCache full:https://registry.npmjs.org/@types%2fd3-array set size:undefined disposed:false
177 http fetch GET 200 https://registry.npmjs.org/@types%2fd3-shape 39ms (cache miss)
178 silly packumentCache full:https://registry.npmjs.org/@types%2fd3-shape set size:undefined disposed:false
179 http fetch GET 200 https://registry.npmjs.org/@types%2fd3-timer 388ms (cache miss)
180 silly packumentCache full:https://registry.npmjs.org/@types%2fd3-timer set size:undefined disposed:false
181 http fetch GET 200 https://registry.npmjs.org/@types%2fd3-interpolate 1020ms (cache miss)
182 silly packumentCache full:https://registry.npmjs.org/@types%2fd3-interpolate set size:undefined disposed:false
183 http fetch GET 200 https://registry.npmjs.org/@types%2fd3-scale 1043ms (cache miss)
184 silly packumentCache full:https://registry.npmjs.org/@types%2fd3-scale set size:undefined disposed:false
185 http fetch GET 200 https://registry.npmjs.org/@standard-schema%2futils 1421ms (cache miss)
186 silly packumentCache full:https://registry.npmjs.org/@standard-schema%2futils set size:undefined disposed:false
187 http fetch GET 200 https://registry.npmjs.org/@types%2fd3-time 1415ms (cache miss)
188 silly packumentCache full:https://registry.npmjs.org/@types%2fd3-time set size:undefined disposed:false
189 silly placeDep ROOT @standard-schema/spec@1.1.0 OK for: @reduxjs/toolkit@2.11.2 want: ^1.0.0
190 silly placeDep ROOT @standard-schema/utils@0.3.0 OK for: @reduxjs/toolkit@2.11.2 want: ^0.3.0
191 silly placeDep node_modules/@reduxjs/toolkit immer@11.1.3 OK for: @reduxjs/toolkit@2.11.2 want: ^11.0.0
192 silly placeDep ROOT redux@5.0.1 OK for: @reduxjs/toolkit@2.11.2 want: ^5.0.1
193 silly placeDep ROOT redux-thunk@3.1.0 OK for: @reduxjs/toolkit@2.11.2 want: ^3.1.0
194 silly placeDep ROOT @types/use-sync-external-store@0.0.6 OK for: react-redux@9.2.0 want: ^0.0.6
195 silly placeDep ROOT @types/d3-array@3.2.2 OK for: victory-vendor@37.3.6 want: ^3.0.3
196 silly placeDep ROOT @types/d3-ease@3.0.2 OK for: victory-vendor@37.3.6 want: ^3.0.0
197 silly placeDep ROOT @types/d3-interpolate@3.0.4 OK for: victory-vendor@37.3.6 want: ^3.0.1
198 silly placeDep ROOT @types/d3-scale@4.0.9 OK for: victory-vendor@37.3.6 want: ^4.0.2
199 silly placeDep ROOT @types/d3-shape@3.1.8 OK for: victory-vendor@37.3.6 want: ^3.1.0
200 silly placeDep ROOT @types/d3-time@3.0.4 OK for: victory-vendor@37.3.6 want: ^3.0.0
201 silly placeDep ROOT @types/d3-timer@3.0.2 OK for: victory-vendor@37.3.6 want: ^3.0.0
202 silly placeDep ROOT d3-array@3.2.4 OK for: victory-vendor@37.3.6 want: ^3.1.6
203 silly placeDep ROOT d3-ease@3.0.1 OK for: victory-vendor@37.3.6 want: ^3.0.1
204 silly placeDep ROOT d3-interpolate@3.0.1 OK for: victory-vendor@37.3.6 want: ^3.0.1
205 silly placeDep ROOT d3-scale@4.0.2 OK for: victory-vendor@37.3.6 want: ^4.0.2
206 silly placeDep ROOT d3-shape@3.2.0 OK for: victory-vendor@37.3.6 want: ^3.1.0
207 silly placeDep ROOT d3-time@3.1.0 OK for: victory-vendor@37.3.6 want: ^3.0.0
208 silly placeDep ROOT d3-timer@3.0.1 OK for: victory-vendor@37.3.6 want: ^3.0.1
209 silly fetch manifest @types/d3-color@*
210 silly packumentCache full:https://registry.npmjs.org/@types%2fd3-color cache-miss
211 silly fetch manifest @types/d3-time@*
212 silly packumentCache full:https://registry.npmjs.org/@types%2fd3-time cache-miss
213 silly fetch manifest @types/d3-path@*
214 silly packumentCache full:https://registry.npmjs.org/@types%2fd3-path cache-miss
215 silly fetch manifest internmap@1 - 2
216 silly packumentCache full:https://registry.npmjs.org/internmap cache-miss
217 silly fetch manifest d3-color@1 - 3
218 silly packumentCache full:https://registry.npmjs.org/d3-color cache-miss
219 silly fetch manifest d3-format@1 - 3
220 silly packumentCache full:https://registry.npmjs.org/d3-format cache-miss
221 silly fetch manifest d3-time@2.1.1 - 3
222 silly packumentCache full:https://registry.npmjs.org/d3-time cache-miss
223 http cache https://registry.npmjs.org/@types%2fd3-time 6ms (cache hit)
224 silly packumentCache full:https://registry.npmjs.org/@types%2fd3-time set size:52652 disposed:false
225 silly fetch manifest d3-time-format@2 - 4
226 silly packumentCache full:https://registry.npmjs.org/d3-time-format cache-miss
227 http cache https://registry.npmjs.org/d3-time 6ms (cache hit)
228 silly packumentCache full:https://registry.npmjs.org/d3-time set size:150406 disposed:false
229 silly fetch manifest d3-path@^3.1.0
230 silly packumentCache full:https://registry.npmjs.org/d3-path cache-miss
231 http fetch GET 200 https://registry.npmjs.org/d3-format 34ms (cache miss)
232 silly packumentCache full:https://registry.npmjs.org/d3-format set size:undefined disposed:false
233 http fetch GET 200 https://registry.npmjs.org/@types%2fd3-path 37ms (cache miss)
234 silly packumentCache full:https://registry.npmjs.org/@types%2fd3-path set size:undefined disposed:false
235 http fetch GET 200 https://registry.npmjs.org/d3-time-format 32ms (cache miss)
236 silly packumentCache full:https://registry.npmjs.org/d3-time-format set size:undefined disposed:false
237 http fetch GET 200 https://registry.npmjs.org/internmap 38ms (cache miss)
238 silly packumentCache full:https://registry.npmjs.org/internmap set size:undefined disposed:false
239 http fetch GET 200 https://registry.npmjs.org/d3-path 63ms (cache miss)
240 silly packumentCache full:https://registry.npmjs.org/d3-path set size:undefined disposed:false
241 http fetch GET 200 https://registry.npmjs.org/d3-color 1065ms (cache miss)
242 silly packumentCache full:https://registry.npmjs.org/d3-color set size:undefined disposed:false
243 http fetch GET 200 https://registry.npmjs.org/@types%2fd3-color 1098ms (cache miss)
244 silly packumentCache full:https://registry.npmjs.org/@types%2fd3-color set size:undefined disposed:false
245 silly placeDep ROOT @types/d3-color@3.1.3 OK for: @types/d3-interpolate@3.0.4 want: *
246 silly placeDep ROOT @types/d3-path@3.1.1 OK for: @types/d3-shape@3.1.8 want: *
247 silly placeDep ROOT internmap@2.0.3 OK for: d3-array@3.2.4 want: 1 - 2
248 silly placeDep ROOT d3-color@3.1.0 OK for: d3-interpolate@3.0.1 want: 1 - 3
249 silly placeDep ROOT d3-format@3.1.2 OK for: d3-scale@4.0.2 want: 1 - 3
250 silly placeDep ROOT d3-time-format@4.1.0 OK for: d3-scale@4.0.2 want: 2 - 4
251 silly placeDep ROOT d3-path@3.1.0 OK for: d3-shape@3.2.0 want: ^3.1.0
252 silly reify moves {}
253 silly audit bulk request {
253 silly audit   '@next/env': [ '14.2.35' ],
253 silly audit   '@next/swc-darwin-arm64': [ '14.2.33' ],
253 silly audit   '@next/swc-darwin-x64': [ '14.2.33' ],
253 silly audit   '@next/swc-linux-arm64-gnu': [ '14.2.33' ],
253 silly audit   '@next/swc-linux-arm64-musl': [ '14.2.33' ],
253 silly audit   '@next/swc-linux-x64-gnu': [ '14.2.33' ],
253 silly audit   '@next/swc-linux-x64-musl': [ '14.2.33' ],
253 silly audit   '@next/swc-win32-arm64-msvc': [ '14.2.33' ],
253 silly audit   '@next/swc-win32-ia32-msvc': [ '14.2.33' ],
253 silly audit   '@next/swc-win32-x64-msvc': [ '14.2.33' ],
253 silly audit   '@selderee/plugin-htmlparser2': [ '0.11.0' ],
253 silly audit   '@stablelib/base64': [ '1.0.1' ],
253 silly audit   '@swc/counter': [ '0.1.3' ],
253 silly audit   '@swc/helpers': [ '0.5.5' ],
253 silly audit   '@types/node': [ '20.19.30' ],
253 silly audit   '@types/prop-types': [ '15.7.15' ],
253 silly audit   '@types/react': [ '18.3.27' ],
253 silly audit   '@types/react-dom': [ '18.3.7' ],
253 silly audit   '@zone-eu/mailsplit': [ '5.4.8' ],
253 silly audit   busboy: [ '1.6.0' ],
253 silly audit   'caniuse-lite': [ '1.0.30001765' ],
253 silly audit   'client-only': [ '0.0.1' ],
253 silly audit   csstype: [ '3.2.3' ],
253 silly audit   deepmerge: [ '4.3.1' ],
253 silly audit   'dom-serializer': [ '2.0.0' ],
253 silly audit   domelementtype: [ '2.3.0' ],
253 silly audit   domhandler: [ '5.0.3' ],
253 silly audit   domutils: [ '3.2.2' ],
253 silly audit   'encoding-japanese': [ '2.2.0' ],
253 silly audit   entities: [ '4.5.0' ],
253 silly audit   'fast-sha256': [ '1.3.0' ],
253 silly audit   'graceful-fs': [ '4.2.11' ],
253 silly audit   he: [ '1.2.0' ],
253 silly audit   'html-to-text': [ '9.0.5' ],
253 silly audit   htmlparser2: [ '8.0.2' ],
253 silly audit   'iconv-lite': [ '0.7.0', '0.6.3' ],
253 silly audit   'js-tokens': [ '4.0.0' ],
253 silly audit   leac: [ '0.6.0' ],
253 silly audit   libbase64: [ '1.3.0' ],
253 silly audit   libmime: [ '5.3.7' ],
253 silly audit   libqp: [ '2.1.1' ],
253 silly audit   'linkify-it': [ '5.0.0' ],
253 silly audit   'loose-envify': [ '1.4.0' ],
253 silly audit   mailparser: [ '3.9.1' ],
253 silly audit   nanoid: [ '3.3.11' ],
253 silly audit   next: [ '14.2.35' ],
253 silly audit   nodemailer: [ '7.0.11' ],
253 silly audit   parseley: [ '0.12.1' ],
253 silly audit   peberminta: [ '0.9.0' ],
253 silly audit   picocolors: [ '1.1.1' ],
253 silly audit   postcss: [ '8.4.31' ],
253 silly audit   'punycode.js': [ '2.3.1' ],
253 silly audit   react: [ '18.3.1' ],
253 silly audit   'react-dom': [ '18.3.1' ],
253 silly audit   resend: [ '6.9.1' ],
253 silly audit   'safer-buffer': [ '2.1.2' ],
253 silly audit   scheduler: [ '0.23.2' ],
253 silly audit   selderee: [ '0.11.0' ],
253 silly audit   'source-map-js': [ '1.2.1' ],
253 silly audit   standardwebhooks: [ '1.0.0' ],
253 silly audit   streamsearch: [ '1.1.0' ],
253 silly audit   'styled-jsx': [ '5.1.1' ],
253 silly audit   svix: [ '1.84.1' ],
253 silly audit   tlds: [ '1.261.0' ],
253 silly audit   tslib: [ '2.8.1' ],
253 silly audit   typescript: [ '5.9.3' ],
253 silly audit   'uc.micro': [ '2.1.0' ],
253 silly audit   'undici-types': [ '6.21.0' ],
253 silly audit   uuid: [ '10.0.0' ],
253 silly audit   recharts: [ '3.7.0' ],
253 silly audit   'react-is': [ '19.2.4' ],
253 silly audit   '@reduxjs/toolkit': [ '2.11.2' ],
253 silly audit   clsx: [ '2.1.1' ],
253 silly audit   'decimal.js-light': [ '2.5.1' ],
253 silly audit   'es-toolkit': [ '1.44.0' ],
253 silly audit   eventemitter3: [ '5.0.4' ],
253 silly audit   immer: [ '10.2.0', '11.1.3' ],
253 silly audit   'react-redux': [ '9.2.0' ],
253 silly audit   reselect: [ '5.1.1' ],
253 silly audit   'tiny-invariant': [ '1.3.3' ],
253 silly audit   'use-sync-external-store': [ '1.6.0' ],
253 silly audit   'victory-vendor': [ '37.3.6' ],
253 silly audit   '@standard-schema/spec': [ '1.1.0' ],
253 silly audit   '@standard-schema/utils': [ '0.3.0' ],
253 silly audit   redux: [ '5.0.1' ],
253 silly audit   'redux-thunk': [ '3.1.0' ],
253 silly audit   '@types/use-sync-external-store': [ '0.0.6' ],
253 silly audit   '@types/d3-array': [ '3.2.2' ],
253 silly audit   '@types/d3-ease': [ '3.0.2' ],
253 silly audit   '@types/d3-interpolate': [ '3.0.4' ],
253 silly audit   '@types/d3-scale': [ '4.0.9' ],
253 silly audit   '@types/d3-shape': [ '3.1.8' ],
253 silly audit   '@types/d3-time': [ '3.0.4' ],
253 silly audit   '@types/d3-timer': [ '3.0.2' ],
253 silly audit   'd3-array': [ '3.2.4' ],
253 silly audit   'd3-ease': [ '3.0.1' ],
253 silly audit   'd3-interpolate': [ '3.0.1' ],
253 silly audit   'd3-scale': [ '4.0.2' ],
253 silly audit   'd3-shape': [ '3.2.0' ],
253 silly audit   'd3-time': [ '3.1.0' ],
253 silly audit   'd3-timer': [ '3.0.1' ],
253 silly audit   '@types/d3-color': [ '3.1.3' ],
253 silly audit   '@types/d3-path': [ '3.1.1' ],
253 silly audit   internmap: [ '2.0.3' ],
253 silly audit   'd3-color': [ '3.1.0' ],
253 silly audit   'd3-format': [ '3.1.2' ],
253 silly audit   'd3-time-format': [ '4.1.0' ],
253 silly audit   'd3-path': [ '3.1.0' ]
253 silly audit }
254 http cache d3-path@https://registry.npmjs.org/d3-path/-/d3-path-3.1.0.tgz 0ms (cache hit)
255 http cache d3-time-format@https://registry.npmjs.org/d3-time-format/-/d3-time-format-4.1.0.tgz 0ms (cache hit)
256 http cache internmap@https://registry.npmjs.org/internmap/-/internmap-2.0.3.tgz 0ms (cache hit)
257 http cache d3-format@https://registry.npmjs.org/d3-format/-/d3-format-3.1.2.tgz 0ms (cache hit)
258 http cache @types/d3-path@https://registry.npmjs.org/@types/d3-path/-/d3-path-3.1.1.tgz 0ms (cache hit)
259 http cache d3-color@https://registry.npmjs.org/d3-color/-/d3-color-3.1.0.tgz 0ms (cache hit)
260 http cache d3-time@https://registry.npmjs.org/d3-time/-/d3-time-3.1.0.tgz 0ms (cache hit)
261 http cache d3-shape@https://registry.npmjs.org/d3-shape/-/d3-shape-3.2.0.tgz 0ms (cache hit)
262 http cache d3-timer@https://registry.npmjs.org/d3-timer/-/d3-timer-3.0.1.tgz 0ms (cache hit)
263 http cache d3-ease@https://registry.npmjs.org/d3-ease/-/d3-ease-3.0.1.tgz 0ms (cache hit)
264 http cache d3-scale@https://registry.npmjs.org/d3-scale/-/d3-scale-4.0.2.tgz 0ms (cache hit)
265 http cache @types/d3-color@https://registry.npmjs.org/@types/d3-color/-/d3-color-3.1.3.tgz 0ms (cache hit)
266 http cache @types/d3-timer@https://registry.npmjs.org/@types/d3-timer/-/d3-timer-3.0.2.tgz 0ms (cache hit)
267 http cache @types/d3-time@https://registry.npmjs.org/@types/d3-time/-/d3-time-3.0.4.tgz 0ms (cache hit)
268 http cache d3-array@https://registry.npmjs.org/d3-array/-/d3-array-3.2.4.tgz 0ms (cache hit)
269 http cache @types/d3-shape@https://registry.npmjs.org/@types/d3-shape/-/d3-shape-3.1.8.tgz 0ms (cache hit)
270 http cache @types/d3-scale@https://registry.npmjs.org/@types/d3-scale/-/d3-scale-4.0.9.tgz 0ms (cache hit)
271 http cache @types/d3-array@https://registry.npmjs.org/@types/d3-array/-/d3-array-3.2.2.tgz 0ms (cache hit)
272 http cache d3-interpolate@https://registry.npmjs.org/d3-interpolate/-/d3-interpolate-3.0.1.tgz 0ms (cache hit)
273 http cache redux@https://registry.npmjs.org/redux/-/redux-5.0.1.tgz 0ms (cache hit)
274 http cache @types/d3-ease@https://registry.npmjs.org/@types/d3-ease/-/d3-ease-3.0.2.tgz 0ms (cache hit)
275 http cache @types/d3-interpolate@https://registry.npmjs.org/@types/d3-interpolate/-/d3-interpolate-3.0.4.tgz 0ms (cache hit)
276 http cache redux-thunk@https://registry.npmjs.org/redux-thunk/-/redux-thunk-3.1.0.tgz 0ms (cache hit)
277 http cache @standard-schema/utils@https://registry.npmjs.org/@standard-schema/utils/-/utils-0.3.0.tgz 0ms (cache hit)
278 http cache @standard-schema/spec@https://registry.npmjs.org/@standard-schema/spec/-/spec-1.1.0.tgz 0ms (cache hit)
279 http cache tiny-invariant@https://registry.npmjs.org/tiny-invariant/-/tiny-invariant-1.3.3.tgz 0ms (cache hit)
280 http cache react-redux@https://registry.npmjs.org/react-redux/-/react-redux-9.2.0.tgz 0ms (cache hit)
281 http cache immer@https://registry.npmjs.org/immer/-/immer-10.2.0.tgz 0ms (cache hit)
282 http cache reselect@https://registry.npmjs.org/reselect/-/reselect-5.1.1.tgz 0ms (cache hit)
283 http cache victory-vendor@https://registry.npmjs.org/victory-vendor/-/victory-vendor-37.3.6.tgz 0ms (cache hit)
284 http cache es-toolkit@https://registry.npmjs.org/es-toolkit/-/es-toolkit-1.44.0.tgz 0ms (cache hit)
285 http cache clsx@https://registry.npmjs.org/clsx/-/clsx-2.1.1.tgz 0ms (cache hit)
286 http cache @reduxjs/toolkit@https://registry.npmjs.org/@reduxjs/toolkit/-/toolkit-2.11.2.tgz 0ms (cache hit)
287 http cache use-sync-external-store@https://registry.npmjs.org/use-sync-external-store/-/use-sync-external-store-1.6.0.tgz 0ms (cache hit)
288 http cache react-is@https://registry.npmjs.org/react-is/-/react-is-19.2.4.tgz 0ms (cache hit)
289 http cache eventemitter3@https://registry.npmjs.org/eventemitter3/-/eventemitter3-5.0.4.tgz 0ms (cache hit)
290 http cache decimal.js-light@https://registry.npmjs.org/decimal.js-light/-/decimal.js-light-2.5.1.tgz 0ms (cache hit)
291 http cache recharts@https://registry.npmjs.org/recharts/-/recharts-3.7.0.tgz 0ms (cache hit)
292 http cache @types/use-sync-external-store@https://registry.npmjs.org/@types/use-sync-external-store/-/use-sync-external-store-0.0.6.tgz 0ms (cache hit)
293 http cache immer@https://registry.npmjs.org/immer/-/immer-11.1.3.tgz 0ms (cache hit)
294 silly tarball no local data for d3-path@https://registry.npmjs.org/d3-path/-/d3-path-3.1.0.tgz. Extracting by manifest.
295 silly tarball no local data for d3-time-format@https://registry.npmjs.org/d3-time-format/-/d3-time-format-4.1.0.tgz. Extracting by manifest.
296 silly tarball no local data for internmap@https://registry.npmjs.org/internmap/-/internmap-2.0.3.tgz. Extracting by manifest.
297 silly tarball no local data for d3-format@https://registry.npmjs.org/d3-format/-/d3-format-3.1.2.tgz. Extracting by manifest.
298 silly tarball no local data for @types/d3-path@https://registry.npmjs.org/@types/d3-path/-/d3-path-3.1.1.tgz. Extracting by manifest.
299 silly tarball no local data for d3-color@https://registry.npmjs.org/d3-color/-/d3-color-3.1.0.tgz. Extracting by manifest.
300 silly tarball no local data for d3-time@https://registry.npmjs.org/d3-time/-/d3-time-3.1.0.tgz. Extracting by manifest.
301 silly tarball no local data for d3-shape@https://registry.npmjs.org/d3-shape/-/d3-shape-3.2.0.tgz. Extracting by manifest.
302 silly tarball no local data for d3-timer@https://registry.npmjs.org/d3-timer/-/d3-timer-3.0.1.tgz. Extracting by manifest.
303 silly tarball no local data for d3-ease@https://registry.npmjs.org/d3-ease/-/d3-ease-3.0.1.tgz. Extracting by manifest.
304 silly tarball no local data for d3-scale@https://registry.npmjs.org/d3-scale/-/d3-scale-4.0.2.tgz. Extracting by manifest.
305 silly tarball no local data for @types/d3-color@https://registry.npmjs.org/@types/d3-color/-/d3-color-3.1.3.tgz. Extracting by manifest.
306 silly tarball no local data for @types/d3-timer@https://registry.npmjs.org/@types/d3-timer/-/d3-timer-3.0.2.tgz. Extracting by manifest.
307 silly tarball no local data for @types/d3-time@https://registry.npmjs.org/@types/d3-time/-/d3-time-3.0.4.tgz. Extracting by manifest.
308 silly tarball no local data for d3-array@https://registry.npmjs.org/d3-array/-/d3-array-3.2.4.tgz. Extracting by manifest.
309 silly tarball no local data for @types/d3-shape@https://registry.npmjs.org/@types/d3-shape/-/d3-shape-3.1.8.tgz. Extracting by manifest.
310 silly tarball no local data for @types/d3-scale@https://registry.npmjs.org/@types/d3-scale/-/d3-scale-4.0.9.tgz. Extracting by manifest.
311 silly tarball no local data for @types/d3-array@https://registry.npmjs.org/@types/d3-array/-/d3-array-3.2.2.tgz. Extracting by manifest.
312 silly tarball no local data for d3-interpolate@https://registry.npmjs.org/d3-interpolate/-/d3-interpolate-3.0.1.tgz. Extracting by manifest.
313 silly tarball no local data for redux@https://registry.npmjs.org/redux/-/redux-5.0.1.tgz. Extracting by manifest.
314 silly tarball no local data for @types/d3-ease@https://registry.npmjs.org/@types/d3-ease/-/d3-ease-3.0.2.tgz. Extracting by manifest.
315 silly tarball no local data for @types/d3-interpolate@https://registry.npmjs.org/@types/d3-interpolate/-/d3-interpolate-3.0.4.tgz. Extracting by manifest.
316 silly tarball no local data for redux-thunk@https://registry.npmjs.org/redux-thunk/-/redux-thunk-3.1.0.tgz. Extracting by manifest.
317 silly tarball no local data for @standard-schema/utils@https://registry.npmjs.org/@standard-schema/utils/-/utils-0.3.0.tgz. Extracting by manifest.
318 silly tarball no local data for @standard-schema/spec@https://registry.npmjs.org/@standard-schema/spec/-/spec-1.1.0.tgz. Extracting by manifest.
319 silly tarball no local data for tiny-invariant@https://registry.npmjs.org/tiny-invariant/-/tiny-invariant-1.3.3.tgz. Extracting by manifest.
320 silly tarball no local data for react-redux@https://registry.npmjs.org/react-redux/-/react-redux-9.2.0.tgz. Extracting by manifest.
321 silly tarball no local data for immer@https://registry.npmjs.org/immer/-/immer-10.2.0.tgz. Extracting by manifest.
322 silly tarball no local data for reselect@https://registry.npmjs.org/reselect/-/reselect-5.1.1.tgz. Extracting by manifest.
323 silly tarball no local data for victory-vendor@https://registry.npmjs.org/victory-vendor/-/victory-vendor-37.3.6.tgz. Extracting by manifest.
324 silly tarball no local data for es-toolkit@https://registry.npmjs.org/es-toolkit/-/es-toolkit-1.44.0.tgz. Extracting by manifest.
325 silly tarball no local data for clsx@https://registry.npmjs.org/clsx/-/clsx-2.1.1.tgz. Extracting by manifest.
326 silly tarball no local data for @reduxjs/toolkit@https://registry.npmjs.org/@reduxjs/toolkit/-/toolkit-2.11.2.tgz. Extracting by manifest.
327 silly tarball no local data for use-sync-external-store@https://registry.npmjs.org/use-sync-external-store/-/use-sync-external-store-1.6.0.tgz. Extracting by manifest.
328 silly tarball no local data for react-is@https://registry.npmjs.org/react-is/-/react-is-19.2.4.tgz. Extracting by manifest.
329 silly tarball no local data for eventemitter3@https://registry.npmjs.org/eventemitter3/-/eventemitter3-5.0.4.tgz. Extracting by manifest.
330 silly tarball no local data for decimal.js-light@https://registry.npmjs.org/decimal.js-light/-/decimal.js-light-2.5.1.tgz. Extracting by manifest.
331 silly tarball no local data for recharts@https://registry.npmjs.org/recharts/-/recharts-3.7.0.tgz. Extracting by manifest.
332 silly tarball no local data for @types/use-sync-external-store@https://registry.npmjs.org/@types/use-sync-external-store/-/use-sync-external-store-0.0.6.tgz. Extracting by manifest.
333 silly tarball no local data for immer@https://registry.npmjs.org/immer/-/immer-11.1.3.tgz. Extracting by manifest.
334 http cache undici-types@https://registry.npmjs.org/undici-types/-/undici-types-6.21.0.tgz 0ms (cache hit)
335 http cache picocolors@https://registry.npmjs.org/picocolors/-/picocolors-1.1.1.tgz 0ms (cache hit)
336 http cache punycode.js@https://registry.npmjs.org/punycode.js/-/punycode.js-2.3.1.tgz 0ms (cache hit)
337 http cache safer-buffer@https://registry.npmjs.org/safer-buffer/-/safer-buffer-2.1.2.tgz 0ms (cache hit)
338 http cache js-tokens@https://registry.npmjs.org/js-tokens/-/js-tokens-4.0.0.tgz 0ms (cache hit)
339 http cache fast-sha256@https://registry.npmjs.org/fast-sha256/-/fast-sha256-1.3.0.tgz 0ms (cache hit)
340 http cache csstype@https://registry.npmjs.org/csstype/-/csstype-3.2.3.tgz 0ms (cache hit)
341 http cache graceful-fs@https://registry.npmjs.org/graceful-fs/-/graceful-fs-4.2.11.tgz 0ms (cache hit)
342 http cache client-only@https://registry.npmjs.org/client-only/-/client-only-0.0.1.tgz 0ms (cache hit)
343 http cache @swc/counter@https://registry.npmjs.org/@swc/counter/-/counter-0.1.3.tgz 0ms (cache hit)
344 http cache @types/prop-types@https://registry.npmjs.org/@types/prop-types/-/prop-types-15.7.15.tgz 0ms (cache hit)
345 http cache @next/swc-darwin-arm64@https://registry.npmjs.org/@next/swc-darwin-arm64/-/swc-darwin-arm64-14.2.33.tgz 0ms (cache hit)
346 silly tarball no local data for undici-types@https://registry.npmjs.org/undici-types/-/undici-types-6.21.0.tgz. Extracting by manifest.
347 http cache tlds@https://registry.npmjs.org/tlds/-/tlds-1.261.0.tgz 0ms (cache hit)
348 silly tarball no local data for picocolors@https://registry.npmjs.org/picocolors/-/picocolors-1.1.1.tgz. Extracting by manifest.
349 silly tarball no local data for punycode.js@https://registry.npmjs.org/punycode.js/-/punycode.js-2.3.1.tgz. Extracting by manifest.
350 silly tarball no local data for safer-buffer@https://registry.npmjs.org/safer-buffer/-/safer-buffer-2.1.2.tgz. Extracting by manifest.
351 silly tarball no local data for js-tokens@https://registry.npmjs.org/js-tokens/-/js-tokens-4.0.0.tgz. Extracting by manifest.
352 http cache loose-envify@https://registry.npmjs.org/loose-envify/-/loose-envify-1.4.0.tgz 0ms (cache hit)
353 silly tarball no local data for fast-sha256@https://registry.npmjs.org/fast-sha256/-/fast-sha256-1.3.0.tgz. Extracting by manifest.
354 silly tarball no local data for csstype@https://registry.npmjs.org/csstype/-/csstype-3.2.3.tgz. Extracting by manifest.
355 silly tarball no local data for graceful-fs@https://registry.npmjs.org/graceful-fs/-/graceful-fs-4.2.11.tgz. Extracting by manifest.
356 silly tarball no local data for client-only@https://registry.npmjs.org/client-only/-/client-only-0.0.1.tgz. Extracting by manifest.
357 silly tarball no local data for @swc/counter@https://registry.npmjs.org/@swc/counter/-/counter-0.1.3.tgz. Extracting by manifest.
358 silly tarball no local data for @types/prop-types@https://registry.npmjs.org/@types/prop-types/-/prop-types-15.7.15.tgz. Extracting by manifest.
359 silly tarball no local data for @next/swc-darwin-arm64@https://registry.npmjs.org/@next/swc-darwin-arm64/-/swc-darwin-arm64-14.2.33.tgz. Extracting by manifest.
360 silly tarball no local data for tlds@https://registry.npmjs.org/tlds/-/tlds-1.261.0.tgz. Extracting by manifest.
361 silly tarball no local data for loose-envify@https://registry.npmjs.org/loose-envify/-/loose-envify-1.4.0.tgz. Extracting by manifest.
362 http cache tslib@https://registry.npmjs.org/tslib/-/tslib-2.8.1.tgz 0ms (cache hit)
363 http cache standardwebhooks@https://registry.npmjs.org/standardwebhooks/-/standardwebhooks-1.0.0.tgz 0ms (cache hit)
364 http cache resend@https://registry.npmjs.org/resend/-/resend-6.9.1.tgz 0ms (cache hit)
365 http cache source-map-js@https://registry.npmjs.org/source-map-js/-/source-map-js-1.2.1.tgz 0ms (cache hit)
366 http cache react-dom@https://registry.npmjs.org/react-dom/-/react-dom-18.3.1.tgz 0ms (cache hit)
367 http cache scheduler@https://registry.npmjs.org/scheduler/-/scheduler-0.23.2.tgz 0ms (cache hit)
368 http cache postcss@https://registry.npmjs.org/postcss/-/postcss-8.4.31.tgz 0ms (cache hit)
369 http cache react@https://registry.npmjs.org/react/-/react-18.3.1.tgz 0ms (cache hit)
370 http cache parseley@https://registry.npmjs.org/parseley/-/parseley-0.12.1.tgz 0ms (cache hit)
371 http cache peberminta@https://registry.npmjs.org/peberminta/-/peberminta-0.9.0.tgz 0ms (cache hit)
372 http cache selderee@https://registry.npmjs.org/selderee/-/selderee-0.11.0.tgz 0ms (cache hit)
373 http cache leac@https://registry.npmjs.org/leac/-/leac-0.6.0.tgz 0ms (cache hit)
374 http cache libmime@https://registry.npmjs.org/libmime/-/libmime-5.3.7.tgz 0ms (cache hit)
375 http cache html-to-text@https://registry.npmjs.org/html-to-text/-/html-to-text-9.0.5.tgz 0ms (cache hit)
376 http cache linkify-it@https://registry.npmjs.org/linkify-it/-/linkify-it-5.0.0.tgz 0ms (cache hit)
377 http cache encoding-japanese@https://registry.npmjs.org/encoding-japanese/-/encoding-japanese-2.2.0.tgz 0ms (cache hit)
378 http cache @selderee/plugin-htmlparser2@https://registry.npmjs.org/@selderee/plugin-htmlparser2/-/plugin-htmlparser2-0.11.0.tgz 0ms (cache hit)
379 http cache deepmerge@https://registry.npmjs.org/deepmerge/-/deepmerge-4.3.1.tgz 0ms (cache hit)
380 http cache @stablelib/base64@https://registry.npmjs.org/@stablelib/base64/-/base64-1.0.1.tgz 0ms (cache hit)
381 http cache @types/react-dom@https://registry.npmjs.org/@types/react-dom/-/react-dom-18.3.7.tgz 0ms (cache hit)
382 http cache @zone-eu/mailsplit@https://registry.npmjs.org/@zone-eu/mailsplit/-/mailsplit-5.4.8.tgz 0ms (cache hit)
383 http cache @types/react@https://registry.npmjs.org/@types/react/-/react-18.3.27.tgz 0ms (cache hit)
384 http cache @next/env@https://registry.npmjs.org/@next/env/-/env-14.2.35.tgz 0ms (cache hit)
385 http cache @types/node@https://registry.npmjs.org/@types/node/-/node-20.19.30.tgz 0ms (cache hit)
386 silly tarball no local data for tslib@https://registry.npmjs.org/tslib/-/tslib-2.8.1.tgz. Extracting by manifest.
387 silly tarball no local data for resend@https://registry.npmjs.org/resend/-/resend-6.9.1.tgz. Extracting by manifest.
388 silly tarball no local data for standardwebhooks@https://registry.npmjs.org/standardwebhooks/-/standardwebhooks-1.0.0.tgz. Extracting by manifest.
389 silly tarball no local data for source-map-js@https://registry.npmjs.org/source-map-js/-/source-map-js-1.2.1.tgz. Extracting by manifest.
390 silly tarball no local data for react-dom@https://registry.npmjs.org/react-dom/-/react-dom-18.3.1.tgz. Extracting by manifest.
391 silly tarball no local data for scheduler@https://registry.npmjs.org/scheduler/-/scheduler-0.23.2.tgz. Extracting by manifest.
392 silly tarball no local data for postcss@https://registry.npmjs.org/postcss/-/postcss-8.4.31.tgz. Extracting by manifest.
393 silly tarball no local data for react@https://registry.npmjs.org/react/-/react-18.3.1.tgz. Extracting by manifest.
394 silly tarball no local data for parseley@https://registry.npmjs.org/parseley/-/parseley-0.12.1.tgz. Extracting by manifest.
395 silly tarball no local data for peberminta@https://registry.npmjs.org/peberminta/-/peberminta-0.9.0.tgz. Extracting by manifest.
396 silly tarball no local data for selderee@https://registry.npmjs.org/selderee/-/selderee-0.11.0.tgz. Extracting by manifest.
397 silly tarball no local data for leac@https://registry.npmjs.org/leac/-/leac-0.6.0.tgz. Extracting by manifest.
398 silly tarball no local data for libmime@https://registry.npmjs.org/libmime/-/libmime-5.3.7.tgz. Extracting by manifest.
399 silly tarball no local data for html-to-text@https://registry.npmjs.org/html-to-text/-/html-to-text-9.0.5.tgz. Extracting by manifest.
400 silly tarball no local data for linkify-it@https://registry.npmjs.org/linkify-it/-/linkify-it-5.0.0.tgz. Extracting by manifest.
401 silly tarball no local data for encoding-japanese@https://registry.npmjs.org/encoding-japanese/-/encoding-japanese-2.2.0.tgz. Extracting by manifest.
402 http cache nanoid@https://registry.npmjs.org/nanoid/-/nanoid-3.3.11.tgz 0ms (cache hit)
403 silly tarball no local data for @selderee/plugin-htmlparser2@https://registry.npmjs.org/@selderee/plugin-htmlparser2/-/plugin-htmlparser2-0.11.0.tgz. Extracting by manifest.
404 silly tarball no local data for deepmerge@https://registry.npmjs.org/deepmerge/-/deepmerge-4.3.1.tgz. Extracting by manifest.
405 silly tarball no local data for @stablelib/base64@https://registry.npmjs.org/@stablelib/base64/-/base64-1.0.1.tgz. Extracting by manifest.
406 silly tarball no local data for @types/react-dom@https://registry.npmjs.org/@types/react-dom/-/react-dom-18.3.7.tgz. Extracting by manifest.
407 silly tarball no local data for @zone-eu/mailsplit@https://registry.npmjs.org/@zone-eu/mailsplit/-/mailsplit-5.4.8.tgz. Extracting by manifest.
408 http cache he@https://registry.npmjs.org/he/-/he-1.2.0.tgz 0ms (cache hit)
409 silly tarball no local data for @types/react@https://registry.npmjs.org/@types/react/-/react-18.3.27.tgz. Extracting by manifest.
410 silly tarball no local data for @next/env@https://registry.npmjs.org/@next/env/-/env-14.2.35.tgz. Extracting by manifest.
411 silly tarball no local data for @types/node@https://registry.npmjs.org/@types/node/-/node-20.19.30.tgz. Extracting by manifest.
412 http fetch POST 200 https://registry.npmjs.org/-/npm/v1/security/advisories/bulk 507ms
413 silly audit report {
413 silly audit report   next: [
413 silly audit report     {
413 silly audit report       id: 1112593,
413 silly audit report       url: 'https://github.com/advisories/GHSA-9g9p-9gw9-jx7f',
413 silly audit report       title: 'Next.js self-hosted applications vulnerable to DoS via Image Optimizer remotePatterns configuration',
413 silly audit report       severity: 'moderate',
413 silly audit report       vulnerable_versions: '>=10.0.0 <15.5.10',
413 silly audit report       cwe: [Array],
413 silly audit report       cvss: [Object]
413 silly audit report     },
413 silly audit report     {
413 silly audit report       id: 1112653,
413 silly audit report       url: 'https://github.com/advisories/GHSA-h25m-26qc-wcjf',
413 silly audit report       title: 'Next.js HTTP request deserialization can lead to DoS when using insecure React Server Components',
413 silly audit report       severity: 'high',
413 silly audit report       vulnerable_versions: '>=13.0.0 <15.0.8',
413 silly audit report       cwe: [Array],
413 silly audit report       cvss: [Object]
413 silly audit report     }
413 silly audit report   ]
413 silly audit report }
414 silly packumentCache corgi:https://registry.npmjs.org/next cache-miss
415 silly tarball no local data for nanoid@https://registry.npmjs.org/nanoid/-/nanoid-3.3.11.tgz. Extracting by manifest.
416 silly tarball no local data for he@https://registry.npmjs.org/he/-/he-1.2.0.tgz. Extracting by manifest.
417 http cache styled-jsx@https://registry.npmjs.org/styled-jsx/-/styled-jsx-5.1.1.tgz 0ms (cache hit)
418 http cache streamsearch@https://registry.npmjs.org/streamsearch/-/streamsearch-1.1.0.tgz 0ms (cache hit)
419 http cache uc.micro@https://registry.npmjs.org/uc.micro/-/uc.micro-2.1.0.tgz 0ms (cache hit)
420 http cache mailparser@https://registry.npmjs.org/mailparser/-/mailparser-3.9.1.tgz 0ms (cache hit)
421 http cache libqp@https://registry.npmjs.org/libqp/-/libqp-2.1.1.tgz 0ms (cache hit)
422 http cache libbase64@https://registry.npmjs.org/libbase64/-/libbase64-1.3.0.tgz 0ms (cache hit)
423 http cache nodemailer@https://registry.npmjs.org/nodemailer/-/nodemailer-7.0.11.tgz 0ms (cache hit)
424 http cache svix@https://registry.npmjs.org/svix/-/svix-1.84.1.tgz 0ms (cache hit)
425 http cache domelementtype@https://registry.npmjs.org/domelementtype/-/domelementtype-2.3.0.tgz 0ms (cache hit)
426 http cache iconv-lite@https://registry.npmjs.org/iconv-lite/-/iconv-lite-0.7.0.tgz 0ms (cache hit)
427 http cache domhandler@https://registry.npmjs.org/domhandler/-/domhandler-5.0.3.tgz 0ms (cache hit)
428 http cache busboy@https://registry.npmjs.org/busboy/-/busboy-1.6.0.tgz 0ms (cache hit)
429 http cache domutils@https://registry.npmjs.org/domutils/-/domutils-3.2.2.tgz 0ms (cache hit)
430 http cache dom-serializer@https://registry.npmjs.org/dom-serializer/-/dom-serializer-2.0.0.tgz 0ms (cache hit)
431 http cache htmlparser2@https://registry.npmjs.org/htmlparser2/-/htmlparser2-8.0.2.tgz 0ms (cache hit)
432 http cache caniuse-lite@https://registry.npmjs.org/caniuse-lite/-/caniuse-lite-1.0.30001765.tgz 0ms (cache hit)
433 http cache iconv-lite@https://registry.npmjs.org/iconv-lite/-/iconv-lite-0.6.3.tgz 0ms (cache hit)
434 silly tarball no local data for styled-jsx@https://registry.npmjs.org/styled-jsx/-/styled-jsx-5.1.1.tgz. Extracting by manifest.
435 silly tarball no local data for streamsearch@https://registry.npmjs.org/streamsearch/-/streamsearch-1.1.0.tgz. Extracting by manifest.
436 http cache @swc/helpers@https://registry.npmjs.org/@swc/helpers/-/helpers-0.5.5.tgz 0ms (cache hit)
437 silly tarball no local data for uc.micro@https://registry.npmjs.org/uc.micro/-/uc.micro-2.1.0.tgz. Extracting by manifest.
438 http cache uuid@https://registry.npmjs.org/uuid/-/uuid-10.0.0.tgz 0ms (cache hit)
439 silly tarball no local data for mailparser@https://registry.npmjs.org/mailparser/-/mailparser-3.9.1.tgz. Extracting by manifest.
440 silly tarball no local data for libqp@https://registry.npmjs.org/libqp/-/libqp-2.1.1.tgz. Extracting by manifest.
441 silly tarball no local data for libbase64@https://registry.npmjs.org/libbase64/-/libbase64-1.3.0.tgz. Extracting by manifest.
442 silly tarball no local data for nodemailer@https://registry.npmjs.org/nodemailer/-/nodemailer-7.0.11.tgz. Extracting by manifest.
443 http cache typescript@https://registry.npmjs.org/typescript/-/typescript-5.9.3.tgz 0ms (cache hit)
444 silly tarball no local data for svix@https://registry.npmjs.org/svix/-/svix-1.84.1.tgz. Extracting by manifest.
445 silly tarball no local data for domelementtype@https://registry.npmjs.org/domelementtype/-/domelementtype-2.3.0.tgz. Extracting by manifest.
446 silly tarball no local data for iconv-lite@https://registry.npmjs.org/iconv-lite/-/iconv-lite-0.7.0.tgz. Extracting by manifest.
447 silly tarball no local data for domhandler@https://registry.npmjs.org/domhandler/-/domhandler-5.0.3.tgz. Extracting by manifest.
448 silly tarball no local data for busboy@https://registry.npmjs.org/busboy/-/busboy-1.6.0.tgz. Extracting by manifest.
449 silly tarball no local data for domutils@https://registry.npmjs.org/domutils/-/domutils-3.2.2.tgz. Extracting by manifest.
450 silly tarball no local data for dom-serializer@https://registry.npmjs.org/dom-serializer/-/dom-serializer-2.0.0.tgz. Extracting by manifest.
451 silly tarball no local data for htmlparser2@https://registry.npmjs.org/htmlparser2/-/htmlparser2-8.0.2.tgz. Extracting by manifest.
452 silly tarball no local data for caniuse-lite@https://registry.npmjs.org/caniuse-lite/-/caniuse-lite-1.0.30001765.tgz. Extracting by manifest.
453 silly tarball no local data for iconv-lite@https://registry.npmjs.org/iconv-lite/-/iconv-lite-0.6.3.tgz. Extracting by manifest.
454 silly tarball no local data for @swc/helpers@https://registry.npmjs.org/@swc/helpers/-/helpers-0.5.5.tgz. Extracting by manifest.
455 silly tarball no local data for uuid@https://registry.npmjs.org/uuid/-/uuid-10.0.0.tgz. Extracting by manifest.
456 silly tarball no local data for typescript@https://registry.npmjs.org/typescript/-/typescript-5.9.3.tgz. Extracting by manifest.
457 http cache entities@https://registry.npmjs.org/entities/-/entities-4.5.0.tgz 0ms (cache hit)
458 silly tarball no local data for entities@https://registry.npmjs.org/entities/-/entities-4.5.0.tgz. Extracting by manifest.
459 http fetch GET 200 https://registry.npmjs.org/internmap/-/internmap-2.0.3.tgz 1835ms (cache miss)
460 http fetch GET 200 https://registry.npmjs.org/d3-path/-/d3-path-3.1.0.tgz 1849ms (cache miss)
461 http fetch GET 200 https://registry.npmjs.org/d3-color/-/d3-color-3.1.0.tgz 1854ms (cache miss)
462 http fetch GET 200 https://registry.npmjs.org/@types/d3-path/-/d3-path-3.1.1.tgz 1854ms (cache miss)
463 http fetch GET 200 https://registry.npmjs.org/@types/d3-scale/-/d3-scale-4.0.9.tgz 1865ms (cache miss)
464 http fetch GET 200 https://registry.npmjs.org/react-is/-/react-is-19.2.4.tgz 1861ms (cache miss)
465 http fetch GET 200 https://registry.npmjs.org/eventemitter3/-/eventemitter3-5.0.4.tgz 1862ms (cache miss)
466 http fetch GET 200 https://registry.npmjs.org/@types/d3-array/-/d3-array-3.2.2.tgz 1889ms (cache miss)
467 http fetch GET 200 https://registry.npmjs.org/@types/d3-shape/-/d3-shape-3.1.8.tgz 1899ms (cache miss)
468 http fetch GET 200 https://registry.npmjs.org/clsx/-/clsx-2.1.1.tgz 1904ms (cache miss)
469 http fetch GET 200 https://registry.npmjs.org/@types/d3-ease/-/d3-ease-3.0.2.tgz 1908ms (cache miss)
470 http fetch GET 200 https://registry.npmjs.org/tiny-invariant/-/tiny-invariant-1.3.3.tgz 1907ms (cache miss)
471 http fetch GET 200 https://registry.npmjs.org/@types/d3-interpolate/-/d3-interpolate-3.0.4.tgz 1912ms (cache miss)
472 http fetch GET 200 https://registry.npmjs.org/graceful-fs/-/graceful-fs-4.2.11.tgz 1774ms (cache miss)
473 http fetch GET 200 https://registry.npmjs.org/redux-thunk/-/redux-thunk-3.1.0.tgz 1917ms (cache miss)
474 http fetch GET 200 https://registry.npmjs.org/@types/d3-color/-/d3-color-3.1.3.tgz 1927ms (cache miss)
475 http fetch GET 200 https://registry.npmjs.org/safer-buffer/-/safer-buffer-2.1.2.tgz 1803ms (cache miss)
476 http fetch GET 200 https://registry.npmjs.org/fast-sha256/-/fast-sha256-1.3.0.tgz 1802ms (cache miss)
477 http fetch GET 200 https://registry.npmjs.org/use-sync-external-store/-/use-sync-external-store-1.6.0.tgz 1999ms (cache miss)
478 http fetch GET 200 https://registry.npmjs.org/picocolors/-/picocolors-1.1.1.tgz 1907ms (cache miss)
479 http fetch GET 200 https://registry.npmjs.org/punycode.js/-/punycode.js-2.3.1.tgz 1907ms (cache miss)
480 http fetch GET 200 https://registry.npmjs.org/tlds/-/tlds-1.261.0.tgz 1861ms (cache miss)
481 http fetch GET 200 https://registry.npmjs.org/@types/use-sync-external-store/-/use-sync-external-store-0.0.6.tgz 2025ms (cache miss)
482 http fetch GET 200 https://registry.npmjs.org/js-tokens/-/js-tokens-4.0.0.tgz 1907ms (cache miss)
483 http fetch GET 200 https://registry.npmjs.org/client-only/-/client-only-0.0.1.tgz 1890ms (cache miss)
484 http fetch GET 200 https://registry.npmjs.org/deepmerge/-/deepmerge-4.3.1.tgz 1609ms (cache miss)
485 http fetch GET 200 https://registry.npmjs.org/loose-envify/-/loose-envify-1.4.0.tgz 1868ms (cache miss)
486 http fetch GET 200 https://registry.npmjs.org/@standard-schema/spec/-/spec-1.1.0.tgz 2053ms (cache miss)
487 http fetch GET 200 https://registry.npmjs.org/@types/prop-types/-/prop-types-15.7.15.tgz 1915ms (cache miss)
488 http fetch GET 200 https://registry.npmjs.org/leac/-/leac-0.6.0.tgz 1637ms (cache miss)
489 http fetch GET 200 https://registry.npmjs.org/@stablelib/base64/-/base64-1.0.1.tgz 1624ms (cache miss)
490 http fetch GET 200 https://registry.npmjs.org/@next/env/-/env-14.2.35.tgz 1626ms (cache miss)
491 http fetch GET 200 https://registry.npmjs.org/@types/react-dom/-/react-dom-18.3.7.tgz 1629ms (cache miss)
492 http fetch GET 200 https://registry.npmjs.org/he/-/he-1.2.0.tgz 1572ms (cache miss)
493 http fetch GET 200 https://registry.npmjs.org/parseley/-/parseley-0.12.1.tgz 1697ms (cache miss)
494 http fetch GET 200 https://registry.npmjs.org/@standard-schema/utils/-/utils-0.3.0.tgz 2072ms (cache miss)
495 http fetch GET 200 https://registry.npmjs.org/linkify-it/-/linkify-it-5.0.0.tgz 1641ms (cache miss)
496 http fetch GET 200 https://registry.npmjs.org/@selderee/plugin-htmlparser2/-/plugin-htmlparser2-0.11.0.tgz 1640ms (cache miss)
497 http fetch GET 200 https://registry.npmjs.org/uc.micro/-/uc.micro-2.1.0.tgz 1242ms (cache miss)
498 http fetch GET 200 https://registry.npmjs.org/domelementtype/-/domelementtype-2.3.0.tgz 1133ms (cache miss)
499 http fetch GET 200 https://registry.npmjs.org/@types/d3-timer/-/d3-timer-3.0.2.tgz 2082ms (cache miss)
500 http fetch GET 200 https://registry.npmjs.org/libbase64/-/libbase64-1.3.0.tgz 1240ms (cache miss)
501 http fetch GET 200 https://registry.npmjs.org/streamsearch/-/streamsearch-1.1.0.tgz 1247ms (cache miss)
502 http fetch GET 200 https://registry.npmjs.org/@swc/counter/-/counter-0.1.3.tgz 1941ms (cache miss)
503 http fetch GET 200 https://registry.npmjs.org/d3-timer/-/d3-timer-3.0.1.tgz 2086ms (cache miss)
504 http fetch GET 200 https://registry.npmjs.org/standardwebhooks/-/standardwebhooks-1.0.0.tgz 1711ms (cache miss)
505 http fetch GET 200 https://registry.npmjs.org/html-to-text/-/html-to-text-9.0.5.tgz 1655ms (cache miss)
506 http cache next@https://registry.npmjs.org/next/-/next-14.2.35.tgz 0ms (cache hit)
507 silly tarball no local data for next@https://registry.npmjs.org/next/-/next-14.2.35.tgz. Extracting by manifest.
508 http fetch GET 200 https://registry.npmjs.org/resend/-/resend-6.9.1.tgz 1726ms (cache miss)
509 http fetch GET 200 https://registry.npmjs.org/@types/d3-time/-/d3-time-3.0.4.tgz 2107ms (cache miss)
510 http fetch GET 200 https://registry.npmjs.org/libqp/-/libqp-2.1.1.tgz 1268ms (cache miss)
511 http fetch GET 200 https://registry.npmjs.org/decimal.js-light/-/decimal.js-light-2.5.1.tgz 2108ms (cache miss)
512 http fetch GET 200 https://registry.npmjs.org/tslib/-/tslib-2.8.1.tgz 1741ms (cache miss)
513 http fetch GET 200 https://registry.npmjs.org/libmime/-/libmime-5.3.7.tgz 1692ms (cache miss)
514 http fetch GET 200 https://registry.npmjs.org/selderee/-/selderee-0.11.0.tgz 1738ms (cache miss)
515 http fetch GET 200 https://registry.npmjs.org/peberminta/-/peberminta-0.9.0.tgz 1764ms (cache miss)
516 http fetch GET 200 https://registry.npmjs.org/@zone-eu/mailsplit/-/mailsplit-5.4.8.tgz 1705ms (cache miss)
517 http fetch GET 200 https://registry.npmjs.org/mailparser/-/mailparser-3.9.1.tgz 1319ms (cache miss)
518 http fetch GET 200 https://registry.npmjs.org/scheduler/-/scheduler-0.23.2.tgz 1797ms (cache miss)
519 http fetch GET 200 https://registry.npmjs.org/undici-types/-/undici-types-6.21.0.tgz 2066ms (cache miss)
520 http fetch GET 200 https://registry.npmjs.org/source-map-js/-/source-map-js-1.2.1.tgz 1818ms (cache miss)
521 http fetch GET 200 https://registry.npmjs.org/nanoid/-/nanoid-3.3.11.tgz 1704ms (cache miss)
522 http fetch GET 200 https://registry.npmjs.org/dom-serializer/-/dom-serializer-2.0.0.tgz 1247ms (cache miss)
523 http fetch GET 200 https://registry.npmjs.org/@types/react/-/react-18.3.27.tgz 1762ms (cache miss)
524 http fetch GET 200 https://registry.npmjs.org/d3-time/-/d3-time-3.1.0.tgz 2219ms (cache miss)
525 http fetch GET 200 https://registry.npmjs.org/domhandler/-/domhandler-5.0.3.tgz 1286ms (cache miss)
526 http fetch GET 200 https://registry.npmjs.org/d3-ease/-/d3-ease-3.0.1.tgz 2242ms (cache miss)
527 http fetch GET 200 https://registry.npmjs.org/busboy/-/busboy-1.6.0.tgz 1299ms (cache miss)
528 http fetch GET 200 https://registry.npmjs.org/csstype/-/csstype-3.2.3.tgz 2119ms (cache miss)
529 http fetch GET 200 https://registry.npmjs.org/d3-interpolate/-/d3-interpolate-3.0.1.tgz 2341ms (cache miss)
530 http fetch GET 200 https://registry.npmjs.org/react/-/react-18.3.1.tgz 1978ms (cache miss)
531 http fetch GET 200 https://registry.npmjs.org/styled-jsx/-/styled-jsx-5.1.1.tgz 1554ms (cache miss)
532 http fetch GET 200 https://registry.npmjs.org/encoding-japanese/-/encoding-japanese-2.2.0.tgz 1950ms (cache miss)
533 http fetch GET 200 https://registry.npmjs.org/d3-scale/-/d3-scale-4.0.2.tgz 2390ms (cache miss)
534 http fetch GET 200 https://registry.npmjs.org/redux/-/redux-5.0.1.tgz 2399ms (cache miss)
535 http fetch GET 200 https://registry.npmjs.org/iconv-lite/-/iconv-lite-0.7.0.tgz 1456ms (cache miss)
536 http fetch GET 200 https://registry.npmjs.org/d3-time-format/-/d3-time-format-4.1.0.tgz 2411ms (cache miss)
537 http fetch GET 200 https://registry.npmjs.org/iconv-lite/-/iconv-lite-0.6.3.tgz 1463ms (cache miss)
538 http fetch GET 200 https://registry.npmjs.org/htmlparser2/-/htmlparser2-8.0.2.tgz 1485ms (cache miss)
539 http fetch GET 200 https://registry.npmjs.org/reselect/-/reselect-5.1.1.tgz 2442ms (cache miss)
540 http fetch GET 200 https://registry.npmjs.org/immer/-/immer-10.2.0.tgz 2446ms (cache miss)
541 http fetch GET 200 https://registry.npmjs.org/postcss/-/postcss-8.4.31.tgz 2079ms (cache miss)
542 http fetch GET 200 https://registry.npmjs.org/d3-array/-/d3-array-3.2.4.tgz 2474ms (cache miss)
543 http fetch GET 200 https://registry.npmjs.org/immer/-/immer-11.1.3.tgz 2467ms (cache miss)
544 http fetch GET 200 https://registry.npmjs.org/d3-format/-/d3-format-3.1.2.tgz 2505ms (cache miss)
545 http fetch GET 200 https://registry.npmjs.org/nodemailer/-/nodemailer-7.0.11.tgz 1690ms (cache miss)
546 http fetch GET 200 https://registry.npmjs.org/domutils/-/domutils-3.2.2.tgz 1606ms (cache miss)
547 http fetch GET 200 https://registry.npmjs.org/react-redux/-/react-redux-9.2.0.tgz 2554ms (cache miss)
548 http fetch GET 200 https://registry.npmjs.org/@types/node/-/node-20.19.30.tgz 2147ms (cache miss)
549 http fetch GET 200 https://registry.npmjs.org/d3-shape/-/d3-shape-3.2.0.tgz 2613ms (cache miss)
550 http fetch GET 200 https://registry.npmjs.org/entities/-/entities-4.5.0.tgz 968ms (cache miss)
551 http fetch GET 200 https://registry.npmjs.org/uuid/-/uuid-10.0.0.tgz 1695ms (cache miss)
552 http fetch GET 200 https://registry.npmjs.org/react-dom/-/react-dom-18.3.1.tgz 2334ms (cache miss)
553 http fetch GET 200 https://registry.npmjs.org/@swc/helpers/-/helpers-0.5.5.tgz 3091ms (cache miss)
554 http fetch GET 200 https://registry.npmjs.org/next 3838ms (cache miss)
555 silly packumentCache corgi:https://registry.npmjs.org/next set size:undefined disposed:false
556 http fetch GET 200 https://registry.npmjs.org/victory-vendor/-/victory-vendor-37.3.6.tgz 5212ms (cache miss)
557 http fetch GET 200 https://registry.npmjs.org/@reduxjs/toolkit/-/toolkit-2.11.2.tgz 5259ms (cache miss)
558 http fetch GET 200 https://registry.npmjs.org/typescript/-/typescript-5.9.3.tgz 4291ms (cache miss)
559 http fetch GET 200 https://registry.npmjs.org/caniuse-lite/-/caniuse-lite-1.0.30001765.tgz 5036ms (cache miss)
560 http fetch GET 200 https://registry.npmjs.org/recharts/-/recharts-3.7.0.tgz 6074ms (cache miss)
561 http fetch GET 200 https://registry.npmjs.org/svix/-/svix-1.84.1.tgz 5258ms (cache miss)
562 http fetch GET 200 https://registry.npmjs.org/@next/swc-darwin-arm64/-/swc-darwin-arm64-14.2.33.tgz 6704ms (cache miss)
563 http fetch GET 200 https://registry.npmjs.org/es-toolkit/-/es-toolkit-1.44.0.tgz 7480ms (cache miss)
564 http fetch GET 200 https://registry.npmjs.org/next/-/next-14.2.35.tgz 9327ms (cache miss)
565 silly ADD node_modules/d3-path
566 silly ADD node_modules/d3-time-format
567 silly ADD node_modules/d3-format
568 silly ADD node_modules/d3-color
569 silly ADD node_modules/internmap
570 silly ADD node_modules/@types/d3-path
571 silly ADD node_modules/@types/d3-color
572 silly ADD node_modules/d3-timer
573 silly ADD node_modules/d3-time
574 silly ADD node_modules/d3-shape
575 silly ADD node_modules/d3-scale
576 silly ADD node_modules/d3-interpolate
577 silly ADD node_modules/d3-ease
578 silly ADD node_modules/d3-array
579 silly ADD node_modules/@types/d3-timer
580 silly ADD node_modules/@types/d3-time
581 silly ADD node_modules/@types/d3-shape
582 silly ADD node_modules/@types/d3-scale
583 silly ADD node_modules/@types/d3-interpolate
584 silly ADD node_modules/@types/d3-ease
585 silly ADD node_modules/@types/d3-array
586 silly ADD node_modules/@types/use-sync-external-store
587 silly ADD node_modules/redux-thunk
588 silly ADD node_modules/redux
589 silly ADD node_modules/@standard-schema/utils
590 silly ADD node_modules/@standard-schema/spec
591 silly ADD node_modules/victory-vendor
592 silly ADD node_modules/use-sync-external-store
593 silly ADD node_modules/tiny-invariant
594 silly ADD node_modules/reselect
595 silly ADD node_modules/react-redux
596 silly ADD node_modules/immer
597 silly ADD node_modules/eventemitter3
598 silly ADD node_modules/es-toolkit
599 silly ADD node_modules/decimal.js-light
600 silly ADD node_modules/clsx
601 silly ADD node_modules/@reduxjs/toolkit
602 silly ADD node_modules/@reduxjs/toolkit/node_modules/immer
603 silly ADD node_modules/react-is
604 silly ADD node_modules/recharts
605 silly ADD node_modules/uuid
606 silly ADD node_modules/undici-types
607 silly ADD node_modules/uc.micro
608 silly ADD node_modules/typescript
609 silly ADD node_modules/tslib
610 silly ADD node_modules/tlds
611 silly ADD node_modules/svix
612 silly ADD node_modules/styled-jsx
613 silly ADD node_modules/streamsearch
614 silly ADD node_modules/standardwebhooks
615 silly ADD node_modules/source-map-js
616 silly ADD node_modules/selderee
617 silly ADD node_modules/scheduler
618 silly ADD node_modules/safer-buffer
619 silly ADD node_modules/resend
620 silly ADD node_modules/react-dom
621 silly ADD node_modules/react
622 silly ADD node_modules/punycode.js
623 silly ADD node_modules/postcss
624 silly ADD node_modules/picocolors
625 silly ADD node_modules/peberminta
626 silly ADD node_modules/parseley
627 silly ADD node_modules/nodemailer
628 silly ADD node_modules/next
629 silly ADD node_modules/nanoid
630 silly ADD node_modules/mailparser
631 silly ADD node_modules/loose-envify
632 silly ADD node_modules/linkify-it
633 silly ADD node_modules/libqp
634 silly ADD node_modules/libmime
635 silly ADD node_modules/libmime/node_modules/iconv-lite
636 silly ADD node_modules/libbase64
637 silly ADD node_modules/leac
638 silly ADD node_modules/js-tokens
639 silly ADD node_modules/iconv-lite
640 silly ADD node_modules/htmlparser2
641 silly ADD node_modules/html-to-text
642 silly ADD node_modules/he
643 silly ADD node_modules/graceful-fs
644 silly ADD node_modules/fast-sha256
645 silly ADD node_modules/entities
646 silly ADD node_modules/encoding-japanese
647 silly ADD node_modules/domutils
648 silly ADD node_modules/domhandler
649 silly ADD node_modules/domelementtype
650 silly ADD node_modules/dom-serializer
651 silly ADD node_modules/deepmerge
652 silly ADD node_modules/csstype
653 silly ADD node_modules/client-only
654 silly ADD node_modules/caniuse-lite
655 silly ADD node_modules/busboy
656 silly ADD node_modules/@zone-eu/mailsplit
657 silly ADD node_modules/@types/react-dom
658 silly ADD node_modules/@types/react
659 silly ADD node_modules/@types/prop-types
660 silly ADD node_modules/@types/node
661 silly ADD node_modules/@swc/helpers
662 silly ADD node_modules/@swc/counter
663 silly ADD node_modules/@stablelib/base64
664 silly ADD node_modules/@selderee/plugin-htmlparser2
665 silly ADD node_modules/@next/swc-darwin-arm64
666 silly ADD node_modules/@next/env
667 verbose cwd /Users/admin/zineegrouplatest
668 verbose os Darwin 25.0.0
669 verbose node v24.12.0
670 verbose npm  v11.6.2
671 notice
671 notice New minor version of npm available! 11.6.2 -> 11.9.0
671 notice Changelog: https://github.com/npm/cli/releases/tag/v11.9.0
671 notice To update run: npm install -g npm@11.9.0
671 notice  { force: true, Symbol(proc-log.meta): true }
672 verbose exit 0
673 info ok
